<?xml version="1.0" encoding="UTF-8"?>
<testng-results ignored="0" total="1" passed="1" failed="0" skipped="0">
  <reporter-output>
  </reporter-output>
  <suite started-at="2025-02-17T10:19:49 BDT" name="All Test Suite" finished-at="2025-02-17T10:20:10 BDT" duration-ms="20724">
    <groups>
    </groups>
    <test started-at="2025-02-17T10:19:49 BDT" name="C:/Users/user/IdeaProjects/WebAutomationRokomari/src/test/java/testcases/TestCase.java" finished-at="2025-02-17T10:20:10 BDT" duration-ms="20724">
      <class name="testcases.TestCase">
        <test-method is-config="true" signature="startBrowser()[pri:0, instance:testcases.TestCase@6c2c1385]" started-at="2025-02-17T10:19:46 BDT" name="startBrowser" finished-at="2025-02-17T10:19:49 BDT" duration-ms="2747" status="PASS">
          <reporter-output>
          </reporter-output>
        </test-method> <!-- startBrowser -->
        <test-method is-config="true" signature="loadHomePage()[pri:0, instance:testcases.TestCase@6c2c1385]" started-at="2025-02-17T10:19:49 BDT" name="loadHomePage" finished-at="2025-02-17T10:19:50 BDT" duration-ms="769" status="PASS">
          <reporter-output>
          </reporter-output>
        </test-method> <!-- loadHomePage -->
        <test-method signature="testFeatures()[pri:0, instance:testcases.TestCase@6c2c1385]" started-at="2025-02-17T10:19:50 BDT" name="testFeatures" finished-at="2025-02-17T10:20:10 BDT" duration-ms="19764" status="PASS">
          <reporter-output>
          </reporter-output>
        </test-method> <!-- testFeatures -->
        <test-method is-config="true" signature="quiteBrowser()[pri:0, instance:testcases.TestCase@6c2c1385]" started-at="2025-02-17T10:20:10 BDT" name="quiteBrowser" finished-at="2025-02-17T10:20:10 BDT" duration-ms="476" status="PASS">
          <reporter-output>
          </reporter-output>
        </test-method> <!-- quiteBrowser -->
      </class> <!-- testcases.TestCase -->
    </test> <!-- C:/Users/user/IdeaProjects/WebAutomationRokomari/src/test/java/testcases/TestCase.java -->
  </suite> <!-- All Test Suite -->
</testng-results>
